\BOOKMARK [0][-]{chapter.1}{Wstep}{}% 1
\BOOKMARK [0][-]{chapter.2}{Systemy nawigacyjne}{}% 2
\BOOKMARK [0][-]{chapter.3}{Algorytmy sterowania}{}% 3
\BOOKMARK [1][-]{section.3.1}{Podzia\233 algorytm\363w sterowania ze wzgledu na dostarczane dane wejsciowe}{chapter.3}% 4
\BOOKMARK [1][-]{section.3.2}{Podzia\233 algorytm\363w sterowania ze wzgledu na zastosowane algorytmy decyzyjne}{chapter.3}% 5
\BOOKMARK [0][-]{chapter.4}{Aktualne badania}{}% 6
\BOOKMARK [1][-]{section.4.1}{Zintegrowane systemy pozycjonowania w czasie rzeczywistym}{chapter.4}% 7
\BOOKMARK [1][-]{section.4.2}{Spegcjalistyczne opracowanie obserwacji - postprocessing}{chapter.4}% 8
\BOOKMARK [1][-]{section.4.3}{Inne zastosowania GNSS w rolnictwie precyzyjnym}{chapter.4}% 9
\BOOKMARK [0][-]{chapter.5}{Analiza rynku}{}% 10
\BOOKMARK [1][-]{section.5.1}{Wykorzystanie GNSS}{chapter.5}% 11
\BOOKMARK [1][-]{section.5.2}{Zastosowanie system\363w inercjalnych}{chapter.5}% 12
\BOOKMARK [1][-]{section.5.3}{Zastosowanie sensor\363w video}{chapter.5}% 13
\BOOKMARK [1][-]{section.5.4}{Oprogramowanie telematyczne}{chapter.5}% 14
\BOOKMARK [0][-]{chapter.6}{Perspektywy rozwoju}{}% 15
\BOOKMARK [1][-]{section.6.1}{Nadzieje zwiazane z systemem GALILEO}{chapter.6}% 16
\BOOKMARK [1][-]{section.6.2}{Dynamiczny rozw\363j elektronicznych sensor\363w ruchu}{chapter.6}% 17
\BOOKMARK [1][-]{section.6.3}{Wykorzystanie systemu naziemnych stacji referencyjnych ASG-EUPOS}{chapter.6}% 18
\BOOKMARK [0][-]{chapter.7}{Wnioski}{}% 19
\BOOKMARK [0][-]{appendix.A}{Dodatek}{}% 20
\BOOKMARK [0][-]{appendix*.14}{Bibliografia}{}% 21
